Determining if the pthread_create exist failed with the following output:
Change Dir: /home/juanes/catkin_ws/build/four_wheel_steering_controller/CMakeFiles/CMakeTmp

Run Build Command:"/usr/bin/make" "cmTC_282bc/fast"
/usr/bin/make -f CMakeFiles/cmTC_282bc.dir/build.make CMakeFiles/cmTC_282bc.dir/build
make[1]: Entering directory '/home/juanes/catkin_ws/build/four_wheel_steering_controller/CMakeFiles/CMakeTmp'
Building C object CMakeFiles/cmTC_282bc.dir/CheckSymbolExists.c.o
/usr/bin/cc     -o CMakeFiles/cmTC_282bc.dir/CheckSymbolExists.c.o   -c /home/juanes/catkin_ws/build/four_wheel_steering_controller/CMakeFiles/CMakeTmp/CheckSymbolExists.c
Linking C executable cmTC_282bc
/usr/bin/cmake -E cmake_link_script CMakeFiles/cmTC_282bc.dir/link.txt --verbose=1
/usr/bin/cc       CMakeFiles/cmTC_282bc.dir/CheckSymbolExists.c.o  -o cmTC_282bc -rdynamic 
CMakeFiles/cmTC_282bc.dir/CheckSymbolExists.c.o: In function `main':
CheckSymbolExists.c:(.text+0x16): undefined reference to `pthread_create'
collect2: error: ld returned 1 exit status
CMakeFiles/cmTC_282bc.dir/build.make:97: recipe for target 'cmTC_282bc' failed
make[1]: *** [cmTC_282bc] Error 1
make[1]: Leaving directory '/home/juanes/catkin_ws/build/four_wheel_steering_controller/CMakeFiles/CMakeTmp'
Makefile:126: recipe for target 'cmTC_282bc/fast' failed
make: *** [cmTC_282bc/fast] Error 2

File /home/juanes/catkin_ws/build/four_wheel_steering_controller/CMakeFiles/CMakeTmp/CheckSymbolExists.c:
/* */
#include <pthread.h>

int main(int argc, char** argv)
{
  (void)argv;
#ifndef pthread_create
  return ((int*)(&pthread_create))[argc];
#else
  (void)argc;
  return 0;
#endif
}

Determining if the function pthread_create exists in the pthreads failed with the following output:
Change Dir: /home/juanes/catkin_ws/build/four_wheel_steering_controller/CMakeFiles/CMakeTmp

Run Build Command:"/usr/bin/make" "cmTC_263a1/fast"
/usr/bin/make -f CMakeFiles/cmTC_263a1.dir/build.make CMakeFiles/cmTC_263a1.dir/build
make[1]: Entering directory '/home/juanes/catkin_ws/build/four_wheel_steering_controller/CMakeFiles/CMakeTmp'
Building C object CMakeFiles/cmTC_263a1.dir/CheckFunctionExists.c.o
/usr/bin/cc    -DCHECK_FUNCTION_EXISTS=pthread_create   -o CMakeFiles/cmTC_263a1.dir/CheckFunctionExists.c.o   -c /usr/share/cmake-3.5/Modules/CheckFunctionExists.c
Linking C executable cmTC_263a1
/usr/bin/cmake -E cmake_link_script CMakeFiles/cmTC_263a1.dir/link.txt --verbose=1
/usr/bin/cc   -DCHECK_FUNCTION_EXISTS=pthread_create    CMakeFiles/cmTC_263a1.dir/CheckFunctionExists.c.o  -o cmTC_263a1 -rdynamic -lpthreads 
/usr/bin/ld: cannot find -lpthreads
collect2: error: ld returned 1 exit status
CMakeFiles/cmTC_263a1.dir/build.make:97: recipe for target 'cmTC_263a1' failed
make[1]: *** [cmTC_263a1] Error 1
make[1]: Leaving directory '/home/juanes/catkin_ws/build/four_wheel_steering_controller/CMakeFiles/CMakeTmp'
Makefile:126: recipe for target 'cmTC_263a1/fast' failed
make: *** [cmTC_263a1/fast] Error 2


